[    0.000000] Linux version 4.15.0-212-generic (buildd@lcy02-amd64-083) (gcc version 7.5.0 (Ubuntu 7.5.0-3ubuntu1~18.04)) #223-Ubuntu SMP Tue May 23 13:09:22 UTC 2023 (Ubuntu 4.15.0-212.223-generic 4.15.18)
[    0.000000] Command line: BOOT_IMAGE=/boot/vmlinuz-4.15.0-212-generic root=LABEL=cloudimg-rootfs ro console=tty1 console=ttyS0
[    0.000000] KERNEL supported cpus:
[    0.000000]   Intel GenuineIntel
[    0.000000]   AMD AuthenticAMD
[    0.000000]   Centaur CentaurHauls
[    0.000000] [Firmware Bug]: TSC doesn't count with P0 frequency!
[    0.000000] x86/fpu: x87 FPU will use FXSAVE
[    0.000000] e820: BIOS-provided physical RAM map:
[    0.000000] BIOS-e820: [mem 0x0000000000000000-0x000000000009fbff] usable
[    0.000000] BIOS-e820: [mem 0x000000000009fc00-0x000000000009ffff] reserved
[    0.000000] BIOS-e820: [mem 0x00000000000f0000-0x00000000000fffff] reserved
[    0.000000] BIOS-e820: [mem 0x0000000000100000-0x000000003ffeffff] usable
[    0.000000] BIOS-e820: [mem 0x000000003fff0000-0x000000003fffffff] ACPI data
[    0.000000] BIOS-e820: [mem 0x00000000fec00000-0x00000000fec00fff] reserved
[    0.000000] BIOS-e820: [mem 0x00000000fee00000-0x00000000fee00fff] reserved
[    0.000000] BIOS-e820: [mem 0x00000000fffc0000-0x00000000ffffffff] reserved
[    0.000000] NX (Execute Disable) protection: active
[    0.000000] SMBIOS 2.5 present.
[    0.000000] DMI: innotek GmbH VirtualBox/VirtualBox, BIOS VirtualBox 12/01/2006
[    0.000000] Hypervisor detected: KVM
[    0.000000] e820: last_pfn = 0x3fff0 max_arch_pfn = 0x400000000
[    0.000000] MTRR: Disabled
[    0.000000] x86/PAT: MTRRs disabled, skipping PAT initialization too.
[    0.000000] CPU MTRRs all blank - virtualized system.
[    0.000000] x86/PAT: Configuration [0-7]: WB  WT  UC- UC  WB  WT  UC- UC  
[    0.000000] found SMP MP-table at [mem 0x0009fff0-0x0009ffff]
[    0.000000] Scanning 1 areas for low memory corruption
[    0.000000] RAMDISK: [mem 0x359cb000-0x36cdcfff]
[    0.000000] ACPI: Early table checksum verification disabled
[    0.000000] ACPI: RSDP 0x00000000000E0000 000024 (v02 VBOX  )
[    0.000000] ACPI: XSDT 0x000000003FFF0030 00003C (v01 VBOX   VBOXXSDT 00000001 ASL  00000061)
[    0.000000] ACPI: FACP 0x000000003FFF00F0 0000F4 (v04 VBOX   VBOXFACP 00000001 ASL  00000061)
[    0.000000] ACPI: DSDT 0x000000003FFF0610 002353 (v02 VBOX   VBOXBIOS 00000002 INTL 20100528)
[    0.000000] ACPI: FACS 0x000000003FFF0200 000040
[    0.000000] ACPI: FACS 0x000000003FFF0200 000040
[    0.000000] ACPI: APIC 0x000000003FFF0240 00005C (v02 VBOX   VBOXAPIC 00000001 ASL  00000061)
[    0.000000] ACPI: SSDT 0x000000003FFF02A0 00036C (v01 VBOX   VBOXCPUT 00000002 INTL 20100528)
[    0.000000] ACPI: Reserving FACP table memory at [mem 0x3fff00f0-0x3fff01e3]
[    0.000000] ACPI: Reserving DSDT table memory at [mem 0x3fff0610-0x3fff2962]
[    0.000000] ACPI: Reserving FACS table memory at [mem 0x3fff0200-0x3fff023f]
[    0.000000] ACPI: Reserving FACS table memory at [mem 0x3fff0200-0x3fff023f]
[    0.000000] ACPI: Reserving APIC table memory at [mem 0x3fff0240-0x3fff029b]
[    0.000000] ACPI: Reserving SSDT table memory at [mem 0x3fff02a0-0x3fff060b]
[    0.000000] No NUMA configuration found
[    0.000000] Faking a node at [mem 0x0000000000000000-0x000000003ffeffff]
[    0.000000] NODE_DATA(0) allocated [mem 0x3ffc5000-0x3ffeffff]
[    0.000000] kvm-clock: cpu 0, msr 0:3ff44001, primary cpu clock
[    0.000000] kvm-clock: Using msrs 4b564d01 and 4b564d00
[    0.000000] kvm-clock: using sched offset of 3918426341 cycles
[    0.000000] clocksource: kvm-clock: mask: 0xffffffffffffffff max_cycles: 0x1cd42e4dffb, max_idle_ns: 881590591483 ns
[    0.000000] Zone ranges:
[    0.000000]   DMA      [mem 0x0000000000001000-0x0000000000ffffff]
[    0.000000]   DMA32    [mem 0x0000000001000000-0x000000003ffeffff]
[    0.000000]   Normal   empty
[    0.000000]   Device   empty
[    0.000000] Movable zone start for each node
[    0.000000] Early memory node ranges
[    0.000000]   node   0: [mem 0x0000000000001000-0x000000000009efff]
[    0.000000]   node   0: [mem 0x0000000000100000-0x000000003ffeffff]
[    0.000000] Reserved but unavailable: 104 pages
[    0.000000] Initmem setup node 0 [mem 0x0000000000001000-0x000000003ffeffff]
[    0.000000] ACPI: PM-Timer IO Port: 0x4008
[    0.000000] IOAPIC[0]: apic_id 2, version 32, address 0xfec00000, GSI 0-23
[    0.000000] ACPI: INT_SRC_OVR (bus 0 bus_irq 0 global_irq 2 dfl dfl)
[    0.000000] ACPI: INT_SRC_OVR (bus 0 bus_irq 9 global_irq 9 low level)
[    0.000000] Using ACPI (MADT) for SMP configuration information
[    0.000000] smpboot: Allowing 2 CPUs, 0 hotplug CPUs
[    0.000000] PM: Registered nosave memory: [mem 0x00000000-0x00000fff]
[    0.000000] PM: Registered nosave memory: [mem 0x0009f000-0x0009ffff]
[    0.000000] PM: Registered nosave memory: [mem 0x000a0000-0x000effff]
[    0.000000] PM: Registered nosave memory: [mem 0x000f0000-0x000fffff]
[    0.000000] e820: [mem 0x40000000-0xfebfffff] available for PCI devices
[    0.000000] Booting paravirtualized kernel on KVM
[    0.000000] clocksource: refined-jiffies: mask: 0xffffffff max_cycles: 0xffffffff, max_idle_ns: 7645519600211568 ns
[    0.000000] setup_percpu: NR_CPUS:8192 nr_cpumask_bits:2 nr_cpu_ids:2 nr_node_ids:1
[    0.000000] percpu: Embedded 50 pages/cpu s167936 r8192 d28672 u1048576
[    0.000000] PV qspinlock hash table entries: 256 (order: 0, 4096 bytes)
[    0.000000] Built 1 zonelists, mobility grouping on.  Total pages: 257913
[    0.000000] Policy zone: DMA32
[    0.000000] Kernel command line: BOOT_IMAGE=/boot/vmlinuz-4.15.0-212-generic root=LABEL=cloudimg-rootfs ro console=tty1 console=ttyS0
[    0.000000] Memory: 982644K/1048120K available (12300K kernel code, 2477K rwdata, 4324K rodata, 2480K init, 2720K bss, 65476K reserved, 0K cma-reserved)
[    0.000000] SLUB: HWalign=64, Order=0-3, MinObjects=0, CPUs=2, Nodes=1
[    0.000000] ftrace: allocating 39508 entries in 155 pages
[    0.004000] Hierarchical RCU implementation.
[    0.004000] 	RCU restricting CPUs from NR_CPUS=8192 to nr_cpu_ids=2.
[    0.004000] 	Tasks RCU enabled.
[    0.004000] RCU: Adjusting geometry for rcu_fanout_leaf=16, nr_cpu_ids=2
[    0.004000] NR_IRQS: 524544, nr_irqs: 440, preallocated irqs: 16
[    0.004000] random: crng init done
[    0.004000] Console: colour VGA+ 80x25
[    0.004000] console [tty1] enabled
[    0.004000] console [ttyS0] enabled
[    0.004000] ACPI: Core revision 20170831
[    0.004000] ACPI: 2 ACPI AML tables successfully acquired and loaded
[    0.004000] APIC: Switch to symmetric I/O mode setup
[    0.008000] ..TIMER: vector=0x30 apic1=0 pin1=2 apic2=-1 pin2=-1
[    0.008007] tsc: Detected 2894.466 MHz processor
[    0.012007] Calibrating delay loop (skipped) preset value.. 5788.93 BogoMIPS (lpj=11577864)
[    0.016006] pid_max: default: 32768 minimum: 301
[    0.020081] Security Framework initialized
[    0.024006] Yama: becoming mindful.
[    0.028120] AppArmor: AppArmor initialized
[    0.038209] Dentry cache hash table entries: 131072 (order: 8, 1048576 bytes)
[    0.044839] Inode-cache hash table entries: 65536 (order: 7, 524288 bytes)
[    0.048120] Mount-cache hash table entries: 2048 (order: 2, 16384 bytes)
[    0.052098] Mountpoint-cache hash table entries: 2048 (order: 2, 16384 bytes)
[    0.061345] Last level iTLB entries: 4KB 1024, 2MB 1024, 4MB 512
[    0.064003] Last level dTLB entries: 4KB 2048, 2MB 2048, 4MB 1024, 1GB 0
[    0.068005] Spectre V1 : Mitigation: usercopy/swapgs barriers and __user pointer sanitization
[    0.072007] Spectre V2 : Mitigation: Retpolines
[    0.076003] Spectre V2 : Spectre v2 / SpectreRSB mitigation: Filling RSB on context switch
[    0.080003] Spectre V2 : Spectre v2 / SpectreRSB : Filling RSB on VMEXIT
[    0.084004] RETBleed: Vulnerable
[    0.088173] Freeing SMP alternatives memory: 36K
[    0.204488] smpboot: CPU0: AMD Ryzen 7 4800H with Radeon Graphics (family: 0x17, model: 0x60, stepping: 0x1)
[    0.212114] Performance Events: PMU not available due to virtualization, using software events only.
[    0.216145] Hierarchical SRCU implementation.
[    0.224043] NMI watchdog: Perf event create on CPU 0 failed with -2
[    0.228007] NMI watchdog: Perf NMI watchdog permanently disabled
[    0.232433] smp: Bringing up secondary CPUs ...
[    0.237179] x86: Booting SMP configuration:
[    0.240007] .... node  #0, CPUs:      #1
[    0.004000] kvm-clock: cpu 1, msr 0:3ff44041, secondary cpu clock
[    0.254176] TSC synchronization [CPU#0 -> CPU#1]:
[    0.256000] Measured 66965 cycles TSC warp between CPUs, turning off TSC clock.
[    0.256000] tsc: Marking TSC unstable due to check_tsc_sync_source failed
[    0.260388] smp: Brought up 1 node, 2 CPUs
[    0.264006] smpboot: Max logical packages: 1
[    0.268007] smpboot: Total of 2 processors activated (11577.86 BogoMIPS)
[    0.276079] devtmpfs: initialized
[    0.280569] x86/mm: Memory block size: 128MB
[    0.288466] evm: security.selinux
[    0.292003] evm: security.SMACK64
[    0.300004] evm: security.SMACK64EXEC
[    0.304004] evm: security.SMACK64TRANSMUTE
[    0.312004] evm: security.SMACK64MMAP
[    0.316007] evm: security.apparmor
[    0.324005] evm: security.ima
[    0.328003] evm: security.capability
[    0.336323] clocksource: jiffies: mask: 0xffffffff max_cycles: 0xffffffff, max_idle_ns: 7645041785100000 ns
[    0.340139] futex hash table entries: 512 (order: 3, 32768 bytes)
[    0.344214] pinctrl core: initialized pinctrl subsystem
[    0.348674] RTC time: 17:29:52, date: 03/19/24
[    0.356843] NET: Registered protocol family 16
[    0.360161] audit: initializing netlink subsys (disabled)
[    0.368483] audit: type=2000 audit(1710869397.889:1): state=initialized audit_enabled=0 res=1
[    0.380004] cpuidle: using governor ladder
[    0.384213] cpuidle: using governor menu
[    0.394343] ACPI: bus type PCI registered
[    0.396006] acpiphp: ACPI Hot Plug PCI Controller Driver version: 0.5
[    0.400746] PCI: Using configuration type 1 for base access
[    0.404005] PCI: Using configuration type 1 for extended access
[    0.416136] HugeTLB registered 2.00 MiB page size, pre-allocated 0 pages
[    0.428335] ACPI: Added _OSI(Module Device)
[    0.432008] ACPI: Added _OSI(Processor Device)
[    0.436005] ACPI: Added _OSI(3.0 _SCP Extensions)
[    0.440006] ACPI: Added _OSI(Processor Aggregator Device)
[    0.444006] ACPI: Added _OSI(Linux-Dell-Video)
[    0.448008] ACPI: Added _OSI(Linux-Lenovo-NV-HDMI-Audio)
[    0.452005] ACPI: Added _OSI(Linux-HPI-Hybrid-Graphics)
[    0.456854] ACPI: Executed 1 blocks of module-level executable AML code
[    0.466535] ACPI: Interpreter enabled
[    0.468019] ACPI: (supports S0 S5)
[    0.472004] ACPI: Using IOAPIC for interrupt routing
[    0.476424] PCI: Using host bridge windows from ACPI; if necessary, use "pci=nocrs" and report a bug
[    0.480308] ACPI: Enabled 2 GPEs in block 00 to 07
[    0.497481] ACPI: PCI Root Bridge [PCI0] (domain 0000 [bus 00-ff])
[    0.500013] acpi PNP0A03:00: _OSC: OS supports [ExtendedConfig ASPM ClockPM Segments MSI]
[    0.509316] acpi PNP0A03:00: _OSC: platform does not support [PCIeCapability]
[    0.512801] acpi PNP0A03:00: _OSC: not requesting control; platform does not support [PCIeCapability]
[    0.516010] acpi PNP0A03:00: _OSC: OS requested [PCIeHotplug PME AER PCIeCapability]
[    0.520009] acpi PNP0A03:00: _OSC: platform willing to grant [PCIeHotplug PME AER]
[    0.524008] acpi PNP0A03:00: _OSC failed (AE_SUPPORT); disabling ASPM
[    0.528906] PCI host bridge to bus 0000:00
[    0.532007] pci_bus 0000:00: root bus resource [io  0x0000-0x0cf7 window]
[    0.536007] pci_bus 0000:00: root bus resource [io  0x0d00-0xffff window]
[    0.544012] pci_bus 0000:00: root bus resource [mem 0x000a0000-0x000bffff window]
[    0.548008] pci_bus 0000:00: root bus resource [mem 0x40000000-0xfdffffff window]
[    0.552008] pci_bus 0000:00: root bus resource [bus 00-ff]
[    0.565577] pci 0000:00:01.1: legacy IDE quirk: reg 0x10: [io  0x01f0-0x01f7]
[    0.568005] pci 0000:00:01.1: legacy IDE quirk: reg 0x14: [io  0x03f6]
[    0.572006] pci 0000:00:01.1: legacy IDE quirk: reg 0x18: [io  0x0170-0x0177]
[    0.576010] pci 0000:00:01.1: legacy IDE quirk: reg 0x1c: [io  0x0376]
[    0.604653] pci 0000:00:07.0: quirk: [io  0x4000-0x403f] claimed by PIIX4 ACPI
[    0.608040] pci 0000:00:07.0: quirk: [io  0x4100-0x410f] claimed by PIIX4 SMB
[    0.627407] ACPI: PCI Interrupt Link [LNKA] (IRQs 5 9 10 *11)
[    0.628627] ACPI: PCI Interrupt Link [LNKB] (IRQs 5 9 *10 11)
[    0.632245] ACPI: PCI Interrupt Link [LNKC] (IRQs 5 *9 10 11)
[    0.636243] ACPI: PCI Interrupt Link [LNKD] (IRQs 5 9 10 *11)
[    0.640892] SCSI subsystem initialized
[    0.644514] pci 0000:00:02.0: vgaarb: setting as boot VGA device
[    0.648000] pci 0000:00:02.0: vgaarb: VGA device added: decodes=io+mem,owns=io+mem,locks=none
[    0.664010] pci 0000:00:02.0: vgaarb: bridge control possible
[    0.672004] vgaarb: loaded
[    0.676145] ACPI: bus type USB registered
[    0.680426] usbcore: registered new interface driver usbfs
[    0.688022] usbcore: registered new interface driver hub
[    0.696078] usbcore: registered new device driver usb
[    0.704125] EDAC MC: Ver: 3.0.0
[    0.708687] PCI: Using ACPI for IRQ routing
[    0.712977] NetLabel: Initializing
[    0.720003] NetLabel:  domain hash size = 128
[    0.724002] NetLabel:  protocols = UNLABELED CIPSOv4 CALIPSO
[    0.728021] NetLabel:  unlabeled traffic allowed by default
[    0.736286] clocksource: Switched to clocksource kvm-clock
[    0.759273] VFS: Disk quotas dquot_6.6.0
[    0.759273] VFS: Dquot-cache hash table entries: 512 (order 0, 4096 bytes)
[    0.759273] AppArmor: AppArmor Filesystem Enabled
[    0.759273] pnp: PnP ACPI init
[    0.759273] pnp: PnP ACPI: found 3 devices
[    0.871354] clocksource: acpi_pm: mask: 0xffffff max_cycles: 0xffffff, max_idle_ns: 2085701024 ns
[    0.872807] NET: Registered protocol family 2
[    0.872807] IP idents hash table entries: 16384 (order: 5, 131072 bytes)
[    0.893554] TCP established hash table entries: 8192 (order: 4, 65536 bytes)
[    0.896779] TCP bind hash table entries: 8192 (order: 5, 131072 bytes)
[    0.896779] TCP: Hash tables configured (established 8192 bind 8192)
[    0.896779] UDP hash table entries: 512 (order: 2, 16384 bytes)
[    0.896779] UDP-Lite hash table entries: 512 (order: 2, 16384 bytes)
[    0.896779] NET: Registered protocol family 1
[    0.896779] pci 0000:00:00.0: Limiting direct PCI/PCI transfers
[    0.896779] pci 0000:00:01.0: Activating ISA DMA hang workarounds
[    0.896779] pci 0000:00:02.0: Video device with shadowed ROM at [mem 0x000c0000-0x000dffff]
[    0.896779] Unpacking initramfs...
[    1.448562] Freeing initrd memory: 19528K
[    1.453739] clocksource: tsc: mask: 0xffffffffffffffff max_cycles: 0x29b8d76bd05, max_idle_ns: 440795337609 ns
[    1.463325] platform rtc_cmos: registered platform RTC device (no PNP device found)
[    1.471376] Scanning for low memory corruption every 60 seconds
[    1.478795] Initialise system trusted keyrings
[    1.484353] Key type blacklist registered
[    1.489708] workingset: timestamp_bits=36 max_order=18 bucket_order=0
[    1.499641] zbud: loaded
[    1.505159] squashfs: version 4.0 (2009/01/31) Phillip Lougher
[    1.512593] fuse init (API version 7.26)
[    1.564726] Key type asymmetric registered
[    1.570963] Asymmetric key parser 'x509' registered
[    1.577586] Block layer SCSI generic (bsg) driver version 0.4 loaded (major 246)
[    1.585076] io scheduler noop registered
[    1.589870] io scheduler deadline registered
[    1.595603] io scheduler cfq registered (default)
[    1.602244] ACPI: AC Adapter [AC] (on-line)
[    1.607384] input: Power Button as /devices/LNXSYSTM:00/LNXPWRBN:00/input/input0
[    1.615835] ACPI: Power Button [PWRF]
[    1.620053] input: Sleep Button as /devices/LNXSYSTM:00/LNXSLPBN:00/input/input1
[    1.627854] ACPI: Sleep Button [SLPF]
[    1.635697] ACPI: Battery Slot [BAT0] (battery present)
[    1.642635] Serial: 8250/16550 driver, 32 ports, IRQ sharing enabled
[    1.676790] 00:02: ttyS0 at I/O 0x3f8 (irq = 4, base_baud = 115200) is a 16550A
[    1.712876] Linux agpgart interface v0.103
[    1.732824] loop: module loaded
[    1.741058] scsi host0: ata_piix
[    1.748158] scsi host1: ata_piix
[    1.751720] ata1: PATA max UDMA/33 cmd 0x1f0 ctl 0x3f6 bmdma 0xd000 irq 14
[    1.758995] ata2: PATA max UDMA/33 cmd 0x170 ctl 0x376 bmdma 0xd008 irq 15
[    1.765971] tun: Universal TUN/TAP device driver, 1.6
[    1.772485] PPP generic driver version 2.4.2
[    1.780761] ehci_hcd: USB 2.0 'Enhanced' Host Controller (EHCI) Driver
[    1.787021] ehci-pci: EHCI PCI platform driver
[    1.791678] ehci-platform: EHCI generic platform driver
[    1.796868] ohci_hcd: USB 1.1 'Open' Host Controller (OHCI) Driver
[    1.803575] ohci-pci: OHCI PCI platform driver
[    1.808907] ohci-platform: OHCI generic platform driver
[    1.814999] uhci_hcd: USB Universal Host Controller Interface driver
[    1.821654] i8042: PNP: PS/2 Controller [PNP0303:PS2K,PNP0f03:PS2M] at 0x60,0x64 irq 1,12
[    1.832476] serio: i8042 KBD port at 0x60,0x64 irq 1
[    1.833221] serio: i8042 AUX port at 0x60,0x64 irq 12
[    1.845257] mousedev: PS/2 mouse device common for all mice
[    1.856516] rtc_cmos rtc_cmos: rtc core: registered rtc_cmos as rtc0
[    1.856763] input: AT Translated Set 2 keyboard as /devices/platform/i8042/serio0/input/input2
[    1.863475] rtc_cmos rtc_cmos: alarms up to one day, 114 bytes nvram
[    1.877514] i2c /dev entries driver
[    1.882310] device-mapper: uevent: version 1.0.3
[    1.888552] device-mapper: ioctl: 4.37.0-ioctl (2017-09-20) initialised: dm-devel@redhat.com
[    1.897973] ledtrig-cpu: registered to indicate activity on CPUs
[    1.907820] NET: Registered protocol family 10
[    1.927597] Segment Routing with IPv6
[    1.940300] NET: Registered protocol family 17
[    1.945733] Key type dns_resolver registered
[    1.991363] mce: Using 0 MCE banks
[    1.996668] RAS: Correctable Errors collector initialized.
[    2.003347] sched_clock: Marking stable (2003283276, 0)->(2781714684, -778431408)
[    2.015782] registered taskstats version 1
[    2.020859] Loading compiled-in X.509 certificates
[    2.032857] Loaded X.509 cert 'Build time autogenerated kernel key: b5b26778eaa3ab3a4a6cee031137706e947d12ad'
[    2.043569] Loaded X.509 cert 'Canonical Ltd. Live Patch Signing: 14df34d1a87cf37625abec039ef2bf521249b969'
[    2.055087] Loaded X.509 cert 'Canonical Ltd. Kernel Module Signing: 88f752e560a1e0737e31163a466ad7b70a850c19'
[    2.064809] blacklist: Loading compiled-in revocation X.509 certificates
[    2.073246] Loaded X.509 cert 'Canonical Ltd. Secure Boot Signing: 61482aa2830d0ab2ad5af10b7250da9033ddcef0'
[    2.084109] Loaded X.509 cert 'Canonical Ltd. Secure Boot Signing (2017): 242ade75ac4a15e50d50c84b0d45ff3eae707a03'
[    2.094378] Loaded X.509 cert 'Canonical Ltd. Secure Boot Signing (ESM 2018): 365188c1d374d6b07c3c8f240f8ef722433d6a8b'
[    2.104758] Loaded X.509 cert 'Canonical Ltd. Secure Boot Signing (2019): c0746fd6c5da3ae827864651ad66ae47fe24b3e8'
[    2.115220] Loaded X.509 cert 'Canonical Ltd. Secure Boot Signing (2021 v1): a8d54bbb3825cfb94fa13c9f8a594a195c107b8d'
[    2.125256] Loaded X.509 cert 'Canonical Ltd. Secure Boot Signing (2021 v2): 4cf046892d6fd3c9a5b03f98d845f90851dc6a8c'
[    2.137107] Loaded X.509 cert 'Canonical Ltd. Secure Boot Signing (2021 v3): 100437bb6de6e469b581e61cd66bce3ef4ed53af'
[    2.148655] Loaded X.509 cert 'Canonical Ltd. Secure Boot Signing (Ubuntu Core 2019): c1d57b8f6b743f23ee41f4f7ee292f06eecadfb9'
[    2.161291] zswap: loaded using pool lzo/zbud
[    2.176584] Key type big_key registered
[    2.181791] Key type trusted registered
[    2.190758] Key type encrypted registered
[    2.195764] AppArmor: AppArmor sha1 policy hashing enabled
[    2.201698] ima: No TPM chip found, activating TPM-bypass! (rc=-19)
[    2.209648] ima: Allocated hash algorithm: sha1
[    2.214434] evm: HMAC attrs: 0x1
[    2.218889]   Magic number: 0:140:492
[    2.224307] rtc_cmos rtc_cmos: setting system clock to 2024-03-19 17:29:54 UTC (1710869394)
[    2.233161] BIOS EDD facility v0.16 2004-Jun-25, 0 devices found
[    2.239657] EDD information not available.
[    2.248082] Freeing unused kernel image memory: 2480K
[    2.284161] Write protecting the kernel read-only data: 20480k
[    2.293241] Freeing unused kernel image memory: 2008K
[    2.299764] Freeing unused kernel image memory: 1820K
[    2.311674] x86/mm: Checked W+X mappings: passed, no W+X pages found.
Loading, please wait...
starting version 237
[    2.413476] e1000: Intel(R) PRO/1000 Network Driver - version 7.3.21-k8-NAPI
[    2.421661] e1000: Copyright (c) 1999-2006 Intel Corporation.
[    2.431430] Fusion MPT base driver 3.04.20
[    2.436574] Copyright (c) 1999-2008 LSI Corporation
[    2.488574] Fusion MPT SPI Host driver 3.04.20
[    2.498963] SSE version of gcm_enc/dec engaged.
[    2.710033] input: ImExPS/2 Generic Explorer Mouse as /devices/platform/i8042/serio1/input/input4
[    3.358839] e1000 0000:00:03.0 eth0: (PCI:33MHz:32-bit) 02:3b:7b:b7:3b:2d
[    3.366045] e1000 0000:00:03.0 eth0: Intel(R) PRO/1000 Network Connection
[    3.378211] mptbase: ioc0: Initiating bringup
[    3.500714] ioc0: LSI53C1030 A0: Capabilities={Initiator}
[    4.413228] scsi host2: ioc0: LSI53C1030 A0, FwRev=00000000h, Ports=1, MaxQ=256, IRQ=20
[    5.175054] scsi 2:0:0:0: Direct-Access     VBOX     HARDDISK         1.0  PQ: 0 ANSI: 5
[    5.224441] scsi target2:0:0: Beginning Domain Validation
[    5.243820] scsi target2:0:0: Domain Validation skipping write tests
[    5.252444] scsi target2:0:0: Ending Domain Validation
[    5.261321] scsi target2:0:0: asynchronous
[    5.270904] scsi 2:0:1:0: Direct-Access     VBOX     HARDDISK         1.0  PQ: 0 ANSI: 5
[    5.572260] scsi target2:0:1: Beginning Domain Validation
[    5.600259] scsi target2:0:1: Domain Validation skipping write tests
[    5.607349] scsi target2:0:1: Ending Domain Validation
[    5.614217] scsi target2:0:1: asynchronous
[    5.655399] sd 2:0:0:0: Attached scsi generic sg0 type 0
[    5.663321] sd 2:0:1:0: Attached scsi generic sg1 type 0
[    5.671491] sd 2:0:0:0: [sda] 83886080 512-byte logical blocks: (42.9 GB/40.0 GiB)
[    5.681114] sd 2:0:1:0: [sdb] 20480 512-byte logical blocks: (10.5 MB/10.0 MiB)
[    5.687897] sd 2:0:0:0: [sda] Write Protect is off
[    5.694637] sd 2:0:1:0: [sdb] Write Protect is off
[    5.701960] sd 2:0:0:0: [sda] Incomplete mode parameter data
[    5.708737] sd 2:0:0:0: [sda] Assuming drive cache: write through
[    5.717775] sd 2:0:1:0: [sdb] Incomplete mode parameter data
[    5.725207] sd 2:0:1:0: [sdb] Assuming drive cache: write through
[    5.742230]  sda: sda1
[    5.759268] sd 2:0:0:0: [sda] Attached SCSI disk
[    5.770806] sd 2:0:1:0: [sdb] Attached SCSI disk
[    6.011714] e1000 0000:00:08.0 eth1: (PCI:33MHz:32-bit) 08:00:27:2a:be:4c
[    6.020118] e1000 0000:00:08.0 eth1: Intel(R) PRO/1000 Network Connection
[    6.030655] e1000 0000:00:08.0 enp0s8: renamed from eth1
[    6.089710] e1000 0000:00:03.0 enp0s3: renamed from eth0
Begin: Loading essential drivers ... [   10.350142] raid6: sse2x1   gen() 24664 MB/s
[   12.350686] raid6: sse2x1   xor() 196249 MB/s
[   14.350131] raid6: sse2x2   gen() 414823 MB/s
[   15.401408] raid6: sse2x2   xor() 13268 MB/s
[   16.350150] raid6: sse2x4   gen() 396551 MB/s
[   16.420788] raid6: sse2x4   xor() 12172 MB/s
[   16.426912] raid6: using algorithm sse2x2 gen() 414823 MB/s
[   16.433100] raid6: .... xor() 13268 MB/s, rmw enabled
[   16.439521] raid6: using ssse3x2 recovery algorithm
[   16.446921] xor: measuring software checksum speed
[   16.488627]    prefetch64-sse: 19274.000 MB/sec
[   16.532722]    generic_sse: 17757.000 MB/sec
[   16.538888] xor: using function: prefetch64-sse (19274.000 MB/sec)
[   16.549690] async_tx: api initialized (async)
done.
Begin: Running /scripts/init-premount ... done.
Begin: Mounting root file system ... Begin: Running /scripts/local-top ... done.
Begin: Running /scripts/local-premount ... [   16.615384] Btrfs loaded, crc32c=crc32c-intel
Scanning for Btrfs filesystems
done.
Warning: fsck not present, so skipping root file system
[   16.688945] EXT4-fs (sda1): mounted filesystem with ordered data mode. Opts: (null)
done.
Begin: Running /scripts/local-bottom ... done.
Begin: Running /scripts/init-bottom ... done.
[   16.967202] ip_tables: (C) 2000-2006 Netfilter Core Team
[   16.993203] systemd[1]: systemd 237 running in system mode. (+PAM +AUDIT +SELINUX +IMA +APPARMOR +SMACK +SYSVINIT +UTMP +LIBCRYPTSETUP +GCRYPT +GNUTLS +ACL +XZ +LZ4 +SECCOMP +BLKID +ELFUTILS +KMOD -IDN2 +IDN -PCRE2 default-hierarchy=hybrid)
[   17.013013] systemd[1]: Detected virtualization oracle.
[   17.019057] systemd[1]: Detected architecture x86-64.

Welcome to [1mUbuntu 18.04.6 LTS[0m!

[   17.059802] systemd[1]: Set hostname to <ubuntu>.
[   17.074520] systemd[1]: Initializing machine ID from random generator.
[   17.082015] systemd[1]: Installed transient /etc/machine-id file.
[   17.499981] systemd[1]: Reached target System Time Synchronized.
[[0;32m  OK  [0m] Reached target System Time Synchronized.
[   17.524001] systemd[1]: Created slice System Slice.
[[0;32m  OK  [0m] Created slice System Slice.
[   17.531831] systemd[1]: Listening on Journal Socket.
[[0;32m  OK  [0m] Listening on Journal Socket.
[   17.543376] systemd[1]: Listening on Journal Socket (/dev/log).
[[0;32m  OK  [0m] Listening on Journal Socket (/dev/log).
[[0;32m  OK  [0m] Listening on Journal Audit Socket.
         Starting Set the console keyboard layout...
[[0;32m  OK  [0m] Listening on Network Service Netlink Socket.
[[0;32m  OK  [0m] Listening on udev Kernel Socket.
[[0;32m  OK  [0m] Listening on LVM2 metadata daemon socket.
[[0;32m  OK  [0m] Listening on Device-mapper event daemon FIFOs.
[[0;32m  OK  [0m] Listening on Syslog Socket.
         Starting Journal Service...
[[0;32m  OK  [0m] Reached target User and Group Name Lookups.
[[0;32m  OK  [0m] Created slice User and Session Slice.
         Mounting Kernel Debug File System...
[[0;32m  OK  [0m] Set up automount Arbitrary Executab…rmats File System Automount Point.
[[0;32m  OK  [0m] Listening on LVM2 poll daemon socket.
         Mounting Huge Pages File System...
[[0;32m  OK  [0m] Created slice system-serial\x2dgetty.slice.
[[0;32m  OK  [0m] Listening on /dev/initctl Compatibility Named Pipe.
[[0;32m  OK  [0m] Listening on fsck to fsckd communication Socket.
         Starting File System Check on Root Device...
[[0;32m  OK  [0m] Listening on udev Control Socket.
         Starting udev Coldplug all Devices...
         Mounting POSIX Message Queue File System...
         Starting Uncomplicated firewall...
[[0;32m  OK  [0m] Reached target Mounting snaps.
[[0;32m  OK  [0m] Started Forward Password Requests to Wall Directory Watch.
         Starting Create list of required st…ce nodes for the current kernel...
         Starting Monitoring of LVM2 mirrors…ng dmeventd or progress polling...
[[0;32m  OK  [0m] Reached target Slices.
[[0;32m  OK  [0m] Reached target Mounted snaps.
[[0;32m  OK  [0m] Reached target Swap.
         Starting Load Kernel Modules...
[[0;32m  OK  [0m] Started Journal Service.
[[0;32m  OK  [0m] Mounted Kernel Debug File System.
[[0;32m  OK  [0m] Mounted Huge Pages File System.
[[0;32m  OK  [0m] Started File System Check on Root Device.[   17.833275] Loading iSCSI transport class v2.0-870.

[[0;32m  OK  [0m] Mounted POSIX Message Queue File System.
[[0;32m  OK  [0m] Started Uncomplicated firewall.
[[0;32m  OK  [0m] Started Create list of required sta…vice nodes for the current kernel.
[[0;32m  OK  [0m] Started LVM2 metadata daemon.
[[0;32m  OK  [0m] Started File System Check Daemon to report status.
         Starting Create Static Device Nodes in /dev...
         Starting Remount Root and Kernel File Systems...
[[0;32m  OK  [0m] Started udev Coldplug all Devices.
[[0;32m  OK  [0m] Started Create Static Device Nodes in /dev.
[[0;32m  OK  [0m] Started Monitoring of LVM2 mirrors,…sing dmeventd or progress polling.
[   17.951552] iscsi: registered transport (tcp)
[   17.958286] EXT4-fs (sda1): re-mounted. Opts: (null)
[[0;32m  OK  [0m] Started Remount Root and Kernel File Systems.
         Starting udev Kernel Device Manager...
         Starting Flush Journal to Persistent Storage...
         Starting Load/Save Random Seed...
[   18.051147] iscsi: registered transport (iser)
[[0;32m  OK  [0m] Started Load Kernel Modules.
         Mounting Kernel Configuration File System...
         Starting Apply Kernel Variables...
         Mounting FUSE Control File System...
[[0;32m  OK  [0m] Started Load/Save Random Seed.
[[0;32m  OK  [0m] Mounted Kernel Configuration File System.
[[0;32m  OK  [0m] Mounted FUSE Control File System.
[   18.100730] systemd-journald[401]: Received request to flush runtime journal from PID 1
[[0;32m  OK  [0m] Started udev Kernel Device Manager.
[[0;32m  OK  [0m] Started Apply Kernel Variables.
[[0;32m  OK  [0m] Started Flush Journal to Persistent Storage.
[[0;32m  OK  [0m] Found device /dev/ttyS0.
[[0;32m  OK  [0m] Listening on Load/Save RF Kill Switch Status /dev/rfkill Watch.
[[0;32m  OK  [0m] Started Set the console keyboard layout.
         Mounting Arbitrary Executable File Formats File System...
[[0;32m  OK  [0m] Reached target Local File Systems (Pre).
[[0;32m  OK  [0m] Reached target Local File Systems.
         Starting Commit a transient machine-id on disk...
         Starting AppArmor initialization...
         Starting ebtables ruleset management...
         Starting Tell Plymouth To Write Out Runtime Data...
         Starting Create Volatile Files and Directories...
         Starting Set console font and keymap...
[[0;32m  OK  [0m] Started Dispatch Password Requests to Console Directory Watch.
[[0;32m  OK  [0m] Reached target Local Encrypted Volumes.
[[0;32m  OK  [0m] Started Tell Plymouth To Write Out Runtime Data.
[[0;32m  OK  [0m] Mounted Arbitrary Executable File Formats File System.
[[0;32m  OK  [0m] Started Create Volatile Files and Directories.
         Starting Update UTMP about System Boot/Shutdown...
[[0;32m  OK  [0m] Started Update UTMP about System Boot/Shutdown.
[[0;32m  OK  [0m] Started Commit a transient machine-id on disk.
[[0;32m  OK  [0m] Started ebtables ruleset management.
[[0;32m  OK  [0m] Started AppArmor initialization.
         Starting Load AppArmor profiles managed internally by snapd...
         Starting Initial cloud-init job (pre-networking)...
[[0;32m  OK  [0m] Started Load AppArmor profiles managed internally by snapd.
[[0;32m  OK  [0m] Started Set console font and keymap.
[   22.390247] cloud-init[764]: Cloud-init v. 23.1.2-0ubuntu0~18.04.1 running 'init-local' at Tue, 19 Mar 2024 17:30:14 +0000. Up 22.02 seconds.
[[0;32m  OK  [0m] Started Initial cloud-init job (pre-networking).
[[0;32m  OK  [0m] Reached target Network (Pre).
         Starting Network Service...
[[0;32m  OK  [0m] Started Network Service.
         Starting Wait for Network to be Configured...
         Starting Network Name Resolution...
[[0;32m  OK  [0m] Started Network Name Resolution.
[[0;32m  OK  [0m] Reached target Host and Network Name Lookups.
[[0;32m  OK  [0m] Reached target Network.
[[0;32m  OK  [0m] Started Wait for Network to be Configured.
         Starting Initial cloud-init job (metadata service crawler)...
[   24.710864] cloud-init[921]: Cloud-init v. 23.1.2-0ubuntu0~18.04.1 running 'init' at Tue, 19 Mar 2024 17:30:16 +0000. Up 24.59 seconds.
[   24.720772] cloud-init[921]: ci-info: ++++++++++++++++++++++++++++++++++++++Net device info+++++++++++++++++++++++++++++++++++++++
[   24.730158] cloud-init[921]: ci-info: +--------+-------+----------------------------+---------------+--------+-------------------+
[   24.740762] cloud-init[921]: ci-info: | Device |   Up  |          Address           |      Mask     | Scope  |     Hw-Address    |
[   24.749384] cloud-init[921]: ci-info: +--------+-------+----------------------------+---------------+--------+-------------------+
[   24.758775] cloud-init[921]: ci-info: | enp0s3 |  True |         10.0.2.15          | 255.255.255.0 | global | 02:3b:7b:b7:3b:2d |
[   24.767117] cloud-init[921]: ci-info: | enp0s3 |  True | fe80::3b:7bff:feb7:3b2d/64 |       .       |  link  | 02:3b:7b:b7:3b:2d |
[   24.774324] cloud-init[921]: ci-info: | enp0s8 | False |             .              |       .       |   .    | 08:00:27:2a:be:4c |
[   24.782988] cloud-init[921]: ci-info: |   lo   |  True |         127.0.0.1          |   255.0.0.0   |  host  |         .         |
[   24.792497] cloud-init[921]: ci-info: |   lo   |  True |          ::1/128           |       .       |  host  |         .         |
[   24.801982] cloud-init[921]: ci-info: +--------+-------+----------------------------+---------------+--------+-------------------+
[   24.812506] cloud-init[921]: ci-info: ++++++++++++++++++++++++++++Route IPv4 info+++++++++++++++++++++++++++++
[   24.819926] cloud-init[921]: ci-info: +-------+-------------+----------+-----------------+-----------+-------+
[   24.827512] cloud-init[921]: ci-info: | Route | Destination | Gateway  |     Genmask     | Interface | Flags |
[   24.835081] cloud-init[921]: ci-info: +-------+-------------+----------+-----------------+-----------+-------+
[   24.843225] cloud-init[921]: ci-info: |   0   |   0.0.0.0   | 10.0.2.2 |     0.0.0.0     |   enp0s3  |   UG  |
[   24.850708] cloud-init[921]: ci-info: |   1   |   10.0.2.0  | 0.0.0.0  |  255.255.255.0  |   enp0s3  |   U   |
[   24.858228] cloud-init[921]: ci-info: |   2   |   10.0.2.2  | 0.0.0.0  | 255.255.255.255 |   enp0s3  |   UH  |
[   24.865778] cloud-init[921]: ci-info: +-------+-------------+----------+-----------------+-----------+-------+
[   24.873987] cloud-init[921]: ci-info: +++++++++++++++++++Route IPv6 info+++++++++++++++++++
[   24.880756] cloud-init[921]: ci-info: +-------+-------------+---------+-----------+-------+
[   24.888764] cloud-init[921]: ci-info: | Route | Destination | Gateway | Interface | Flags |
[   24.897249] cloud-init[921]: ci-info: +-------+-------------+---------+-----------+-------+
[   24.906558] cloud-init[921]: ci-info: |   1   |  fe80::/64  |    ::   |   enp0s3  |   U   |
[   24.919017] cloud-init[921]: ci-info: |   3   |    local    |    ::   |   enp0s3  |   U   |
[   24.927299] cloud-init[921]: ci-info: |   4   |   ff00::/8  |    ::   |   enp0s3  |   U   |
[   24.935694] cloud-init[921]: ci-info: +-------+-------------+---------+-----------+-------+
[   25.759465] cloud-init[921]: Generating public/private rsa key pair.
[   25.767095] cloud-init[921]: Your identification has been saved in /etc/ssh/ssh_host_rsa_key.
[   25.773776] cloud-init[921]: Your public key has been saved in /etc/ssh/ssh_host_rsa_key.pub.
[   25.781830] cloud-init[921]: The key fingerprint is:
[   25.788087] cloud-init[921]: SHA256:MObtyQ8S3Ms8iLb8gLUjSUCYeHNPNoDEJsyThkPgtYo root@ubuntu-bionic
[   25.796746] cloud-init[921]: The key's randomart image is:
[   25.802420] cloud-init[921]: +---[RSA 2048]----+
[   25.807638] cloud-init[921]: |X*oo..           |
[   25.813103] cloud-init[921]: |X*B o +          |
[   25.818849] cloud-init[921]: |o*.+ ++.         |
[   25.823933] cloud-init[921]: |...  +.=         |[[0;32m  OK  [0m] Started Initial cloud-init job (metadata service crawler).
[[0;32m  OK  [0m] Reached target Cloud-config availability.
[[0;32m  OK  [0m] Reached target Network is Online.

[   25.833397] cloud-init[921]: |E.. . + S        |
[   25.833811] cloud-init[921]: | . + o B o       |
[   25.834220] cloud-init[921]: |  + * o X        |
[   25.834576] cloud-init[921]: |   + + . +       |
[   25.834950] cloud-init[921]: |    o..   .      |
[   25.835333] cloud-init[921]: +----[SHA256]-----+
[   25.835809] cloud-init[921]: Generating public/private dsa key pair.
[   25.836769] cloud-init[921]: Your identification has been saved in /etc/ssh/ssh_host_dsa_key.
[   25.837093] cloud-init[921]: Your public key has been saved in /etc/ssh/ssh_host_dsa_key.pub.
[   25.837464] cloud-init[921]: The key fingerprint is:
[   25.837848] cloud-init[921]: SHA256:3EoDIndfFYAyX6pvWfXYBvSBDx9U7QokiFp1SURajN4 root@ubuntu-bionic
[   25.838215] cloud-init[921]: The key's randomart image is:
         Starting Availability of block devices...
[[0;32m  OK  [0m] Reached target Remote File Systems (Pre).
[[0;32m  OK  [0m] Reached target Remote File Systems.
[[0;32m  OK  [0m] Reached target System Initialization.
[[0;32m  OK  [0m] Started Ubuntu Advantage Timer for running repeated jobs.
[[0;32m  OK  [0m] Started Discard unused blocks once a week.
         Starting Socket activation for snappy daemon.
[   25.839951] cloud-init[921]: +---[DSA 1024]----+
[[0;32m  OK  [0m] Started ACPI Events Check.
[[0;32m  OK  [0m] Listening on cloud-init hotplug hook socket.
[[0;32m  OK  [0m] Reached target Paths.
[   25.880689] cloud-init[921]: |       o.OBoo+..o|
[[   25.892651] cloud-init[921]: |      = ++=.= o .|
[   25.893311] cloud-init[921]: |  . ooo=.+.+ = + |
[   25.894468] cloud-init[921]: |   o.o ++oE + + .|
[   25.894957] cloud-init[921]: |       .S .. * . |
[   25.895257] cloud-init[921]: |      .. o. . =  |
[   25.895667] cloud-init[921]: |       ..o   .   |
[   25.896046] cloud-init[921]: |        +        |
[   25.896950] cloud-init[921]: |       .         |
[   25.897246] cloud-init[921]: +----[SHA256]-----+
[   25.897632] cloud-init[921]: Generating public/private ecdsa key pair.
[   25.898014] cloud-init[921]: Your identification has been saved in /etc/ssh/ssh_host_ecdsa_key.
[   25.898387] cloud-init[921]: Your public key has been saved in /etc/ssh/ssh_host_ecdsa_key.pub.
[   25.898757] cloud-init[921]: The key fingerprint is:
[   25.899121] cloud-init[921]: SHA256:0j6AuZ7gMQROhbe7AV9S+AJXplbXEBSVDuMDINXdN0E root@ubuntu-bionic
[   25.899143] cloud-init[921]: The key's randomart image is:
[   25.899161] cloud-init[921]: +---[ECDSA 256]---+
[   25.899190] cloud-init[921]: | .o+=+o*B.oE.    |
[   25.899211] cloud-init[921]: | oo+++.+ + o     |
[   25.899230] cloud-init[921]: |..+o+ o + . .    |
[   25.899248] cloud-init[921]: |oo.+ = + .       |
[   25.899264] cloud-init[921]: | .+ B o S        |
[   25.899282] cloud-init[921]: | . + . +         |
[   25.899302] cloud-init[921]: |  + +   o        |
[   25.899320] cloud-init[921]: | . * .   .       |
[   25.899739] cloud-init[921]: |  . o            |
[   25.900114] cloud-init[921]: +----[SHA256]-----+
[   25.900480] cloud-init[921]: Generating public/private ed25519 key pair.
[   25.901271] cloud-init[921]: Your identification has been saved in /etc/ssh/ssh_host_ed25519_key.
[   25.901577] cloud-init[921]: Your public key has been saved in /etc/ssh/ssh_host_ed25519_key.pub.
[   25.902019] cloud-init[921]: The key fingerprint is:
[   25.902435] cloud-init[921]: SHA256:oscrATTXFy3hUvB/UBh1H9a+/V/OlV9czdF7QoVp34A root@ubuntu-bionic
[   25.902870] cloud-init[921]: The key's randomart image is:
[   25.903290] cloud-init[921]: +--[ED25519 256]--+
[   25.903757] cloud-init[921]: |     ...++.+o..=o|
[   25.904784] cloud-init[921]: |  o . .+o o.E.*o+|
[   25.905152] cloud-init[921]: | . o  ..o..  ..=+|
[   25.905598] cloud-init[921]: |  .    . . . . .B|
[   25.906015] cloud-init[921]: |   .  . S . . ..B|
[   25.906471] cloud-init[921]: |    .o .   .   +=|
[   25.907042] cloud-init[921]: |    ..o        .*|
[   25.907482] cloud-init[921]: |    .. .       o*|
[   25.908394] cloud-init[921]: |     ..         *|
[   25.908456] cloud-init[921]: +----[SHA256]-----+
[0;32m  OK  [0m] Listening on ACPID Listen Socket.
[[0;32m  OK  [0m] Started Message of the Day.
[[0;32m  OK  [0m] Started Daily Cleanup of Temporary Directories.
         Starting LXD - unix socket.
[[0;32m  OK  [0m] Listening on Open-iSCSI iscsid Socket.
[[0;32m  OK  [0m] Listening on UUID daemon activation socket.
[[0;32m  OK  [0m] Started Daily apt download activities.
[[0;32m  OK  [0m] Listening on D-Bus System Message Bus Socket.
[[0;32m  OK  [0m] Started Daily apt upgrade and clean activities.
[[0;32m  OK  [0m] Reached target Timers.
[[0;32m  OK  [0m] Started Availability of block devices.
[[0;32m  OK  [0m] Listening on Socket activation for snappy daemon.
[[0;32m  OK  [0m] Listening on LXD - unix socket.
[[0;32m  OK  [0m] Reached target Sockets.
[[0;32m  OK  [0m] Reached target Basic System.
[[0;32m  OK  [0m] Started Regular background program processing daemon.
         Starting Permit User Sessions...
         Starting LXD - container startup/shutdown...
         Starting Dispatcher daemon for systemd-networkd...
         Starting LSB: Record successful boot for GRUB...
[[0;32m  OK  [0m] Reached target Login Prompts (Pre).
[[0;32m  OK  [0m] Started irqbalance daemon.
         Starting Login Service...
[[0;32m  OK  [0m] Started FUSE filesystem for LXC.
         Starting LSB: automatic crash report generation...
[[0;32m  OK  [0m] Started Deferred execution scheduler.
         Starting Virtualbox guest utils...
[[0;32m  OK  [0m] Started D-Bus System Message Bus.
         Starting Pollinate to seed the pseudo random number generator...
         Starting Accounts Service...
         Starting System Logging Service...
         Starting Snap Daemon...
[[0;32m  OK  [0m] Started Dispatcher daemon for systemd-networkd.
[[0;32m  OK  [0m] Started Permit User Sessions.
[[0;32m  OK  [0m] Started LXD - container startup/shutdown.
[[0;32m  OK  [0m] Started Login Service.
[[0;32m  OK  [0m] Started Unattended Upgrades Shutdown.
         Starting Terminate Plymouth Boot Screen...
         Starting Hold until boot process finishes up...
[[0;32m  OK  [0m] Started Hold until boot process finishes up.
[[0;32m  OK  [0m] Started Serial Getty on ttyS0.
         Starting Set console scheme...
[[0;32m  OK  [0m] Started Terminate Plymouth Boot Screen.
[[0;32m  OK  [0m] Started LSB: automatic crash report generation.
[[0;32m  OK  [0m] Started Set console scheme.
[[0;32m  OK  [0m] Created slice system-getty.slice.
[[0;32m  OK  [0m] Started Getty on tty1.
[[0;32m  OK  [0m] Reached target Login Prompts.
         Starting Authorization Manager...
[[0;32m  OK  [0m] Started LSB: Record successful boot for GRUB.
[[0;32m  OK  [0m] Started System Logging Service.
[[0;32m  OK  [0m] Started Authorization Manager.
[[0;32m  OK  [0m] Started Accounts Service.
[[0;32m  OK  [0m] Started Virtualbox guest utils.
[[0;32m  OK  [0m] Started Snap Daemon.
         Starting Wait until snapd is fully seeded...
         Starting Time & Date Service...
[[0;32m  OK  [0m] Started Time & Date Service.
[[0;32m  OK  [0m] Started Pollinate to seed the pseudo random number generator.
         Starting OpenBSD Secure Shell server...
[[0;32m  OK  [0m] Started OpenBSD Secure Shell server.
[[0;32m  OK  [0m] Created slice User Slice of vagrant.
         Starting User Manager for UID 1000...
[[0;32m  OK  [0m] Started Session 1 of user vagrant.
[[0;32m  OK  [0m] Started User Manager for UID 1000.
[[0;32m  OK  [0m] Started Wait until snapd is fully seeded.
         Starting Apply the settings specified in cloud-config...

Ubuntu 18.04.6 LTS ubuntu-bionic ttyS0

ubuntu-bionic login: [   32.867032] cloud-init[1569]: Cloud-init v. 23.1.2-0ubuntu0~18.04.1 running 'modules:config' at Tue, 19 Mar 2024 17:30:23 +0000. Up 31.51 seconds.
ci-info: no authorized SSH keys fingerprints found for user ubuntu.
<14>Mar 19 17:30:25 cloud-init: #############################################################
<14>Mar 19 17:30:25 cloud-init: -----BEGIN SSH HOST KEY FINGERPRINTS-----
<14>Mar 19 17:30:25 cloud-init: 1024 SHA256:3EoDIndfFYAyX6pvWfXYBvSBDx9U7QokiFp1SURajN4 root@ubuntu-bionic (DSA)
<14>Mar 19 17:30:25 cloud-init: 256 SHA256:0j6AuZ7gMQROhbe7AV9S+AJXplbXEBSVDuMDINXdN0E root@ubuntu-bionic (ECDSA)
<14>Mar 19 17:30:25 cloud-init: 256 SHA256:oscrATTXFy3hUvB/UBh1H9a+/V/OlV9czdF7QoVp34A root@ubuntu-bionic (ED25519)
<14>Mar 19 17:30:25 cloud-init: 2048 SHA256:MObtyQ8S3Ms8iLb8gLUjSUCYeHNPNoDEJsyThkPgtYo root@ubuntu-bionic (RSA)
<14>Mar 19 17:30:25 cloud-init: -----END SSH HOST KEY FINGERPRINTS-----
<14>Mar 19 17:30:25 cloud-init: #############################################################
-----BEGIN SSH HOST KEY KEYS-----
ecdsa-sha2-nistp256 AAAAE2VjZHNhLXNoYTItbmlzdHAyNTYAAAAIbmlzdHAyNTYAAABBBA1d5Qg3F/YHKQpOO3w5YIl7EStce5OLTEEh8kLyJlhazzKgbhUXyv1KWNYG/Hthf0HlGjTPn26RIfS/+idDfX0= root@ubuntu-bionic
ssh-ed25519 AAAAC3NzaC1lZDI1NTE5AAAAIEeejeZLR9Hk7EaFc1kATkIEfnCunvghQv2yj7I7J8hW root@ubuntu-bionic
ssh-rsa AAAAB3NzaC1yc2EAAAADAQABAAABAQDhWbLGrVCbHQC//54pTI9RYbH6hPutkaBfDOxGGvwo6ZBCh/QZMF6lA+UbemsJF6840aFSQxHWVCt8KsetgWG+zTzIUgocHvgnIiff544f5nRhgxvzN5aootJGfgRcgul9dsMRfkn9aZx/gLT3W8dkR8mtmUXkfkvixAQIHQ8Hc1HEeY1JV0kIA685CGoj9AL2FNWfsOswXZrQbtHqLe3XoaH6Eq14SEE3h5M0b/xpmal0kCxlms5Po+FJM1CHW8Vic+cHu/q+5M8YMliXaVYGljoTXVAxLNkqP4eq8opStkphFWz/wCoJDVAM9dWoITK5xA0YCINvitcUWyTGPCkf root@ubuntu-bionic
-----END SSH HOST KEY KEYS-----
[   33.646768] cloud-init[1693]: Cloud-init v. 23.1.2-0ubuntu0~18.04.1 running 'modules:final' at Tue, 19 Mar 2024 17:30:25 +0000. Up 33.36 seconds.
[   33.654992] cloud-init[1693]: Cloud-init v. 23.1.2-0ubuntu0~18.04.1 finished at Tue, 19 Mar 2024 17:30:25 +0000. Datasource DataSourceNoCloud [seed=/dev/sdb][dsmode=net].  Up 33.63 seconds
